<?xml version="1.0" encoding="UTF-8"?>
<testng-results skipped="0" failed="0" ignored="0" total="14" passed="14">
  <reporter-output>
  </reporter-output>
  <suite name="Suite" duration-ms="131782" started-at="2020-10-27T23:58:55 BDT" finished-at="2020-10-28T00:01:06 BDT">
    <groups>
    </groups>
    <test name="Test1" duration-ms="17218" started-at="2020-10-27T23:58:55 BDT" finished-at="2020-10-27T23:59:12 BDT">
      <class name="Tests.CustomizedStatement001">
        <test-method status="PASS" signature="broswerConfig(java.lang.String)[pri:0, instance:Tests.CustomizedStatement001@7a187f14]" name="broswerConfig" is-config="true" duration-ms="5449" started-at="2020-10-27T23:58:55 BDT" finished-at="2020-10-27T23:59:00 BDT">
          <params>
            <param index="0">
              <value>
                <![CDATA[chrome]]>
              </value>
            </param>
          </params>
          <reporter-output>
          </reporter-output>
        </test-method> <!-- broswerConfig -->
        <test-method status="PASS" signature="login()[pri:0, instance:Tests.CustomizedStatement001@7a187f14]" name="login" duration-ms="9319" started-at="2020-10-27T23:59:00 BDT" description="Check if login  goes to manager page" finished-at="2020-10-27T23:59:09 BDT">
          <reporter-output>
          </reporter-output>
        </test-method> <!-- login -->
        <test-method status="PASS" signature="CStatement001()[pri:0, instance:Tests.CustomizedStatement001@7a187f14]" name="CStatement001" duration-ms="2408" started-at="2020-10-27T23:59:09 BDT" description="Check Customized Statement with Valid inputs" finished-at="2020-10-27T23:59:12 BDT">
          <reporter-output>
          </reporter-output>
        </test-method> <!-- CStatement001 -->
      </class> <!-- Tests.CustomizedStatement001 -->
    </test> <!-- Test1 -->
    <test name="Test2" duration-ms="23430" started-at="2020-10-27T23:59:12 BDT" finished-at="2020-10-27T23:59:35 BDT">
      <class name="Tests.CustomizedStatement002">
        <test-method status="PASS" signature="broswerConfig(java.lang.String)[pri:0, instance:Tests.CustomizedStatement002@46daef40]" name="broswerConfig" is-config="true" duration-ms="3456" started-at="2020-10-27T23:59:12 BDT" finished-at="2020-10-27T23:59:15 BDT">
          <params>
            <param index="0">
              <value>
                <![CDATA[chrome]]>
              </value>
            </param>
          </params>
          <reporter-output>
          </reporter-output>
        </test-method> <!-- broswerConfig -->
        <test-method status="PASS" signature="login()[pri:0, instance:Tests.CustomizedStatement002@46daef40]" name="login" duration-ms="19342" started-at="2020-10-27T23:59:15 BDT" description="Check if login  goes to manager page" finished-at="2020-10-27T23:59:35 BDT">
          <reporter-output>
          </reporter-output>
        </test-method> <!-- login -->
        <test-method status="PASS" signature="CStatement002()[pri:0, instance:Tests.CustomizedStatement002@46daef40]" name="CStatement002" duration-ms="627" started-at="2020-10-27T23:59:35 BDT" description="Keep Account No. Box blank" finished-at="2020-10-27T23:59:35 BDT">
          <reporter-output>
          </reporter-output>
        </test-method> <!-- CStatement002 -->
      </class> <!-- Tests.CustomizedStatement002 -->
    </test> <!-- Test2 -->
    <test name="Test3" duration-ms="12824" started-at="2020-10-27T23:59:35 BDT" finished-at="2020-10-27T23:59:48 BDT">
      <class name="Tests.CustomizedStatement003">
        <test-method status="PASS" signature="broswerConfig(java.lang.String)[pri:0, instance:Tests.CustomizedStatement003@1e7c7811]" name="broswerConfig" is-config="true" duration-ms="3280" started-at="2020-10-27T23:59:35 BDT" finished-at="2020-10-27T23:59:38 BDT">
          <params>
            <param index="0">
              <value>
                <![CDATA[chrome]]>
              </value>
            </param>
          </params>
          <reporter-output>
          </reporter-output>
        </test-method> <!-- broswerConfig -->
        <test-method status="PASS" signature="login()[pri:0, instance:Tests.CustomizedStatement003@1e7c7811]" name="login" duration-ms="8881" started-at="2020-10-27T23:59:38 BDT" description="Check if login  goes to manager page" finished-at="2020-10-27T23:59:47 BDT">
          <reporter-output>
          </reporter-output>
        </test-method> <!-- login -->
        <test-method status="PASS" signature="CStatement003()[pri:0, instance:Tests.CustomizedStatement003@1e7c7811]" name="CStatement003" duration-ms="658" started-at="2020-10-27T23:59:47 BDT" description="Fill Account no box with Characters" finished-at="2020-10-27T23:59:48 BDT">
          <reporter-output>
          </reporter-output>
        </test-method> <!-- CStatement003 -->
      </class> <!-- Tests.CustomizedStatement003 -->
    </test> <!-- Test3 -->
    <test name="Test4" duration-ms="15331" started-at="2020-10-27T23:59:48 BDT" finished-at="2020-10-28T00:00:03 BDT">
      <class name="Tests.CustomizedStatement004">
        <test-method status="PASS" signature="broswerConfig(java.lang.String)[pri:0, instance:Tests.CustomizedStatement004@ed9d034]" name="broswerConfig" is-config="true" duration-ms="3356" started-at="2020-10-27T23:59:48 BDT" finished-at="2020-10-27T23:59:51 BDT">
          <params>
            <param index="0">
              <value>
                <![CDATA[chrome]]>
              </value>
            </param>
          </params>
          <reporter-output>
          </reporter-output>
        </test-method> <!-- broswerConfig -->
        <test-method status="PASS" signature="login()[pri:0, instance:Tests.CustomizedStatement004@ed9d034]" name="login" duration-ms="11367" started-at="2020-10-27T23:59:51 BDT" description="Check if login  goes to manager page" finished-at="2020-10-28T00:00:03 BDT">
          <reporter-output>
          </reporter-output>
        </test-method> <!-- login -->
        <test-method status="PASS" signature="CStatement004()[pri:0, instance:Tests.CustomizedStatement004@ed9d034]" name="CStatement004" duration-ms="602" started-at="2020-10-28T00:00:03 BDT" description="Check Customized Statement Transaction Value Amount Lower Limit with  InValid inputs" finished-at="2020-10-28T00:00:03 BDT">
          <reporter-output>
          </reporter-output>
        </test-method> <!-- CStatement004 -->
      </class> <!-- Tests.CustomizedStatement004 -->
    </test> <!-- Test4 -->
    <test name="Test5" duration-ms="24506" started-at="2020-10-28T00:00:03 BDT" finished-at="2020-10-28T00:00:28 BDT">
      <class name="Tests.CustomizedStatement005">
        <test-method status="PASS" signature="broswerConfig(java.lang.String)[pri:0, instance:Tests.CustomizedStatement005@11758f2a]" name="broswerConfig" is-config="true" duration-ms="3609" started-at="2020-10-28T00:00:03 BDT" finished-at="2020-10-28T00:00:07 BDT">
          <params>
            <param index="0">
              <value>
                <![CDATA[chrome]]>
              </value>
            </param>
          </params>
          <reporter-output>
          </reporter-output>
        </test-method> <!-- broswerConfig -->
        <test-method status="PASS" signature="login()[pri:0, instance:Tests.CustomizedStatement005@11758f2a]" name="login" duration-ms="18843" started-at="2020-10-28T00:00:07 BDT" description="Check if login  goes to manager page" finished-at="2020-10-28T00:00:26 BDT">
          <reporter-output>
          </reporter-output>
        </test-method> <!-- login -->
        <test-method status="PASS" signature="CStatement005()[pri:0, instance:Tests.CustomizedStatement005@11758f2a]" name="CStatement005" duration-ms="2048" started-at="2020-10-28T00:00:26 BDT" description="Check Customized Statement Transaction Value Amount Lower Limit with  InValid inputs" finished-at="2020-10-28T00:00:28 BDT">
          <reporter-output>
          </reporter-output>
        </test-method> <!-- CStatement005 -->
      </class> <!-- Tests.CustomizedStatement005 -->
    </test> <!-- Test5 -->
    <test name="Test6" duration-ms="21688" started-at="2020-10-28T00:00:28 BDT" finished-at="2020-10-28T00:00:50 BDT">
      <class name="Tests.CustomizedStatement006">
        <test-method status="PASS" signature="broswerConfig(java.lang.String)[pri:0, instance:Tests.CustomizedStatement006@757942a1]" name="broswerConfig" is-config="true" duration-ms="3422" started-at="2020-10-28T00:00:28 BDT" finished-at="2020-10-28T00:00:31 BDT">
          <params>
            <param index="0">
              <value>
                <![CDATA[chrome]]>
              </value>
            </param>
          </params>
          <reporter-output>
          </reporter-output>
        </test-method> <!-- broswerConfig -->
        <test-method status="PASS" signature="login()[pri:0, instance:Tests.CustomizedStatement006@757942a1]" name="login" duration-ms="17428" started-at="2020-10-28T00:00:31 BDT" description="Check if login  goes to manager page" finished-at="2020-10-28T00:00:49 BDT">
          <reporter-output>
          </reporter-output>
        </test-method> <!-- login -->
        <test-method status="PASS" signature="CStatement006()[pri:0, instance:Tests.CustomizedStatement006@757942a1]" name="CStatement006" duration-ms="833" started-at="2020-10-28T00:00:49 BDT" description="Check Customized Statement Transaction Value Amount Lower Limit with  InValid inputs" finished-at="2020-10-28T00:00:50 BDT">
          <reporter-output>
          </reporter-output>
        </test-method> <!-- CStatement006 -->
      </class> <!-- Tests.CustomizedStatement006 -->
    </test> <!-- Test6 -->
    <test name="Test7" duration-ms="16720" started-at="2020-10-28T00:00:50 BDT" finished-at="2020-10-28T00:01:06 BDT">
      <class name="Tests.CustomizedStatement007">
        <test-method status="PASS" signature="broswerConfig(java.lang.String)[pri:0, instance:Tests.CustomizedStatement007@42eca56e]" name="broswerConfig" is-config="true" duration-ms="3566" started-at="2020-10-28T00:00:50 BDT" finished-at="2020-10-28T00:00:53 BDT">
          <params>
            <param index="0">
              <value>
                <![CDATA[chrome]]>
              </value>
            </param>
          </params>
          <reporter-output>
          </reporter-output>
        </test-method> <!-- broswerConfig -->
        <test-method status="PASS" signature="login()[pri:0, instance:Tests.CustomizedStatement007@42eca56e]" name="login" duration-ms="7738" started-at="2020-10-28T00:00:53 BDT" description="Check if login  goes to manager page" finished-at="2020-10-28T00:01:01 BDT">
          <reporter-output>
          </reporter-output>
        </test-method> <!-- login -->
        <test-method status="PASS" signature="CStatement007()[pri:0, instance:Tests.CustomizedStatement007@42eca56e]" name="CStatement007" duration-ms="5411" started-at="2020-10-28T00:01:01 BDT" description="Check Customized Statement with Future From-date and Future to-date inputs" finished-at="2020-10-28T00:01:06 BDT">
          <reporter-output>
          </reporter-output>
        </test-method> <!-- CStatement007 -->
      </class> <!-- Tests.CustomizedStatement007 -->
    </test> <!-- Test7 -->
  </suite> <!-- Suite -->
</testng-results>
